<?xml version="1.0" encoding="UTF-8"?>
<testng-results ignored="0" total="1" passed="1" failed="0" skipped="0">
  <reporter-output>
  </reporter-output>
  <suite started-at="2024-04-10T11:00:28 IST" name="Default suite" finished-at="2024-04-10T11:00:33 IST" duration-ms="5176">
    <groups>
    </groups>
    <test started-at="2024-04-10T11:00:28 IST" name="Default test" finished-at="2024-04-10T11:00:33 IST" duration-ms="5176">
      <class name="BhanuFrameworkPractice.ExtentReports.extentReportDemo">
        <test-method is-config="true" signature="config()[pri:0, instance:BhanuFrameworkPractice.ExtentReports.extentReportDemo@367ffa75]" started-at="2024-04-10T11:00:28 IST" name="config" finished-at="2024-04-10T11:00:28 IST" duration-ms="160" status="PASS">
          <reporter-output>
          </reporter-output>
        </test-method> <!-- config -->
        <test-method signature="initialDemo()[pri:0, instance:BhanuFrameworkPractice.ExtentReports.extentReportDemo@367ffa75]" started-at="2024-04-10T11:00:28 IST" name="initialDemo" finished-at="2024-04-10T11:00:33 IST" duration-ms="4986" status="PASS">
          <reporter-output>
          </reporter-output>
        </test-method> <!-- initialDemo -->
      </class> <!-- BhanuFrameworkPractice.ExtentReports.extentReportDemo -->
    </test> <!-- Default test -->
  </suite> <!-- Default suite -->
</testng-results>
